#
# A fatal error has been detected by the Java Runtime Environment:
#
#  SIGSEGV (0xb) at pc=0x000000010b340447, pid=4829, tid=53767
#
# JRE version: Java(TM) SE Runtime Environment (10.0.2+13) (build 10.0.2+13)
# Java VM: Java HotSpot(TM) 64-Bit Server VM (10.0.2+13, mixed mode, tiered, compressed oops, g1 gc, bsd-amd64)
# Problematic frame:
# C  [libawt_lwawt.dylib+0x1c447]  OGLSD_SetScratchSurface+0x1f
#
# No core dump will be written. Core dumps have been disabled. To enable core dumping, try "ulimit -c unlimited" before starting Java again
#
# If you would like to submit a bug report, please visit:
#   http://bugreport.java.com/bugreport/crash.jsp
# The crash happened outside the Java Virtual Machine in native code.
# See problematic frame for where to report the bug.
#

---------------  S U M M A R Y ------------

Command Line: HardwareSimulatorMain

Host: MacBookPro13,2 x86_64 2900 MHz, 4 cores, 8G, Darwin 20.6.0
Time: Mon Oct  4 13:22:09 2021 CDT elapsed time: 30185 seconds (0d 8h 23m 5s)

---------------  T H R E A D  ---------------

Current thread (0x00007ff797ac2000):  JavaThread "Java2D Queue Flusher" daemon [_thread_in_native, id=53767, stack(0x00007000035ca000,0x00007000036ca000)]

Stack: [0x00007000035ca000,0x00007000036ca000],  sp=0x00007000036c99f0,  free space=1022k
Native frames: (J=compiled Java code, A=aot compiled Java code, j=interpreted, Vv=VM code, C=native code)
C  [libawt_lwawt.dylib+0x1c447]  OGLSD_SetScratchSurface+0x1f
C  [libawt_lwawt.dylib+0x41d83]  Java_sun_java2d_opengl_OGLRenderQueue_flushBuffer+0x643
J 2896  sun.java2d.opengl.OGLRenderQueue.flushBuffer(JI)V java.desktop@10.0.2 (0 bytes) @ 0x000000011cb6f66d [0x000000011cb6f5c0+0x00000000000000ad]
J 5201% c2 sun.java2d.opengl.OGLRenderQueue$QueueFlusher.run()V java.desktop@10.0.2 (234 bytes) @ 0x000000011cc8c98c [0x000000011cc8c6c0+0x00000000000002cc]
j  java.lang.Thread.run()V+11 java.base@10.0.2
v  ~StubRoutines::call_stub
V  [libjvm.dylib+0x3d8c0e]  _ZN9JavaCalls11call_helperEP9JavaValueRK12methodHandleP17JavaCallArgumentsP6Thread+0x216
V  [libjvm.dylib+0x3d8222]  _ZN9JavaCalls12call_virtualEP9JavaValueP5KlassP6SymbolS5_P17JavaCallArgumentsP6Thread+0x12a
V  [libjvm.dylib+0x3d82e2]  _ZN9JavaCalls12call_virtualEP9JavaValue6HandleP5KlassP6SymbolS6_P6Thread+0x6a
V  [libjvm.dylib+0x454078]  _ZL12thread_entryP10JavaThreadP6Thread+0x77
V  [libjvm.dylib+0x74679c]  _ZN10JavaThread17thread_main_innerEv+0x86
V  [libjvm.dylib+0x633a5f]  _ZL19thread_native_entryP6Thread+0x12b
C  [libsystem_pthread.dylib+0x68fc]  _pthread_start+0xe0
C  [libsystem_pthread.dylib+0x2443]  thread_start+0xf
C  0x0000000000000000

Java frames: (J=compiled Java code, j=interpreted, Vv=VM code)
J 2896  sun.java2d.opengl.OGLRenderQueue.flushBuffer(JI)V java.desktop@10.0.2 (0 bytes) @ 0x000000011cb6f5f8 [0x000000011cb6f5c0+0x0000000000000038]
J 5201% c2 sun.java2d.opengl.OGLRenderQueue$QueueFlusher.run()V java.desktop@10.0.2 (234 bytes) @ 0x000000011cc8c98c [0x000000011cc8c6c0+0x00000000000002cc]
j  java.lang.Thread.run()V+11 java.base@10.0.2
v  ~StubRoutines::call_stub

siginfo: si_signo: 11 (SIGSEGV), si_code: 1 (SEGV_MAPERR), si_addr: 0x0000000000000003

Register to memory mapping:

RAX=0x000000010b365d5b: Java_sun_java2d_opengl_OGLRenderQueue_flushBuffer+0x61b in /Library/Internet Plug-Ins/JavaAppletPlugin.plugin/Contents/Home/lib/libawt_lwawt.dylib at 0x000000010b324000
RBX=0x00007ff797bc5410 is an unknown value
RCX=0x0000000000000047 is an unknown value
RDX=0x00007ff797bc5400 is an unknown value
RSP=0x00007000036c99f0 is pointing into the stack for thread: 0x00007ff797ac2000
RBP=0x00007000036c9a20 is pointing into the stack for thread: 0x00007ff797ac2000
RSI=0x00007ff795ca4060 is an unknown value
RDI=0x00007ff797ac2270 is an unknown value
R8 =0x0000000000000001 is an unknown value
R9 =0x00000000e8059738 is an unknown value
R10=0x000000011cb6f5f8 is at entry_point+56 in (nmethod*)0x000000011cb6f410
R11=0x0000000740178c30 is an oop
sun.java2d.opengl.OGLRenderQueue$QueueFlusher 
{0x0000000740178c30} - klass: 'sun/java2d/opengl/OGLRenderQueue$QueueFlusher'
R12=0x00007ff797bc5408 is an unknown value
R13=0x0000000000000003 is an unknown value
R14=0x00007000036c9af8 is pointing into the stack for thread: 0x00007ff797ac2000
R15=0x00007ff797ac2270 is an unknown value


Registers:
RAX=0x000000010b365d5b, RBX=0x00007ff797bc5410, RCX=0x0000000000000047, RDX=0x00007ff797bc5400
RSP=0x00007000036c99f0, RBP=0x00007000036c9a20, RSI=0x00007ff795ca4060, RDI=0x00007ff797ac2270
R8 =0x0000000000000001, R9 =0x00000000e8059738, R10=0x000000011cb6f5f8, R11=0x0000000740178c30
R12=0x00007ff797bc5408, R13=0x0000000000000003, R14=0x00007000036c9af8, R15=0x00007ff797ac2270
RIP=0x000000010b340447, EFLAGS=0x0000000000010206, ERR=0x0000000000000004
  TRAPNO=0x000000000000000e

Top of Stack: (sp=0x00007000036c99f0)
0x00007000036c99f0:   000000010b365d5b 00007ff797bc5410
0x00007000036c9a00:   00007ff797bc5408 00007ff797bc5420
0x00007000036c9a10:   00007000036c9af8 00007ff795ca4060
0x00007000036c9a20:   00007000036c9aa0 000000010b365d83
0x00007000036c9a30:   00007000036c9aa0 0000000109985afb
0x00007000036c9a40:   0000000109ef9501 00007ff700000005
0x00007000036c9a50:   00007ff797ac2000 0000000109c9f501
0x00007000036c9a60:   00007ff795f82580 0000000040178c00
0x00007000036c9a70:   00007ff797ac2270 0000000000000000
0x00007000036c9a80:   0000000000000000 0000000740178c30
0x00007000036c9a90:   00007000036c9af8 00007ff797ac2000
0x00007000036c9aa0:   00007000036c9af0 000000011cb6f66d
0x00007000036c9ab0:   00000007402cb9a8 000000016b0628d0
0x00007000036c9ac0:   0000000000000000 0000000744997f78
0x00007000036c9ad0:   000000016b062860 0000000000000000
0x00007000036c9ae0:   00007000036c9b00 00000000e808069b
0x00007000036c9af0:   00000000e8059735 000000011cc8c98c
0x00007000036c9b00:   00000007402cb9a8 0000000740178c30
0x00007000036c9b10:   0000000700000000 0000000740178c30
0x00007000036c9b20:   00007000036c9b50 00007000036c9ba8
0x00007000036c9b30:   0000000000000001 0000000000000000
0x00007000036c9b40:   00007000036c9ba8 0000000114fbcf88
0x00007000036c9b50:   0000000740178c30 0000000740178c30
0x00007000036c9b60:   00007000036c9b60 0000000129fe56eb
0x00007000036c9b70:   00007000036c9bb8 000000012a0a3df0
0x00007000036c9b80:   0000000000000000 0000000740178cc0
0x00007000036c9b90:   0000000129fe56f8 00007000036c9b58
0x00007000036c9ba0:   00007000036c9bb8 00007000036c9c20
0x00007000036c9bb0:   0000000114fb3b49 0000000740178ab8
0x00007000036c9bc0:   0000700000001fa0 00007000036c9df0
0x00007000036c9bd0:   00007000036c9e98 0000000114fb3abf
0x00007000036c9be0:   00007ff797ac2000 0000000129fe56f8 

Instructions: (pc=0x000000010b340447)
0x000000010b340427:   c3 55 48 89 e5 41 57 41 56 41 55 41 54 53 50 49
0x000000010b340437:   89 ff 48 85 f6 74 57 4c 8b 6e 10 4d 85 ed 74 57
0x000000010b340447:   49 8b 5d 00 31 c0 e8 08 f4 02 00 49 89 c6 48 8b
0x000000010b340457:   3b 48 8b 35 f1 77 06 00 ff 15 c3 b0 05 00 48 85 


---------------  P R O C E S S  ---------------

Threads class SMR info:
_java_thread_list=0x00007ff78c215d90, length=18, elements={
0x00007ff79601a800, 0x00007ff79781a800, 0x00007ff797097000, 0x00007ff797097800,
0x00007ff79781b800, 0x00007ff796810800, 0x00007ff796811000, 0x00007ff796026800,
0x00007ff79783e800, 0x00007ff797843000, 0x00007ff797ac2000, 0x00007ff79686a000,
0x00007ff797444000, 0x00007ff797537000, 0x00007ff7964af800, 0x00007ff7964ac800,
0x00007ff7975a6000, 0x00007ff797890000
}

Java Threads: ( => current thread )
  0x00007ff79601a800 JavaThread "Reference Handler" daemon [_thread_blocked, id=14595, stack(0x0000700002797000,0x0000700002897000)]
  0x00007ff79781a800 JavaThread "Finalizer" daemon [_thread_blocked, id=15107, stack(0x000070000289a000,0x000070000299a000)]
  0x00007ff797097000 JavaThread "Signal Dispatcher" daemon [_thread_blocked, id=43011, stack(0x0000700002aa3000,0x0000700002ba3000)]
  0x00007ff797097800 JavaThread "C2 CompilerThread0" daemon [_thread_blocked, id=22531, stack(0x0000700002ba6000,0x0000700002ca6000)]
  0x00007ff79781b800 JavaThread "C2 CompilerThread1" daemon [_thread_blocked, id=42243, stack(0x0000700002ca9000,0x0000700002da9000)]
  0x00007ff796810800 JavaThread "C1 CompilerThread2" daemon [_thread_blocked, id=23555, stack(0x0000700002dac000,0x0000700002eac000)]
  0x00007ff796811000 JavaThread "Sweeper thread" daemon [_thread_blocked, id=23811, stack(0x0000700002eaf000,0x0000700002faf000)]
  0x00007ff796026800 JavaThread "Service Thread" daemon [_thread_blocked, id=40963, stack(0x0000700002fb2000,0x00007000030b2000)]
  0x00007ff79783e800 JavaThread "Common-Cleaner" daemon [_thread_blocked, id=40195, stack(0x00007000030b5000,0x00007000031b5000)]
  0x00007ff797843000 JavaThread "AppKit Thread" daemon [_thread_in_native, id=259, stack(0x00007ffee5eef000,0x00007ffee66ef000)]
=>0x00007ff797ac2000 JavaThread "Java2D Queue Flusher" daemon [_thread_in_native, id=53767, stack(0x00007000035ca000,0x00007000036ca000)]
  0x00007ff79686a000 JavaThread "Java2D Disposer" daemon [_thread_blocked, id=57371, stack(0x00007000036cd000,0x00007000037cd000)]
  0x00007ff797444000 JavaThread "AWT-Shutdown" [_thread_blocked, id=32775, stack(0x00007000032bb000,0x00007000033bb000)]
  0x00007ff797537000 JavaThread "AWT-EventQueue-0" [_thread_blocked, id=60939, stack(0x00007000038d3000,0x00007000039d3000)]
  0x00007ff7964af800 JavaThread "SwingWorker-pool-1-thread-1" daemon [_thread_blocked, id=128531, stack(0x00007000039d6000,0x0000700003ad6000)]
  0x00007ff7964ac800 JavaThread "TimerQueue" daemon [_thread_blocked, id=128003, stack(0x0000700003ad9000,0x0000700003bd9000)]
  0x00007ff7975a6000 JavaThread "SwingWorker-pool-1-thread-2" daemon [_thread_blocked, id=89859, stack(0x0000700003bdc000,0x0000700003cdc000)]
  0x00007ff797890000 JavaThread "DestroyJavaVM" [_thread_blocked, id=10499, stack(0x0000700001a70000,0x0000700001b70000)]

Other Threads:
  0x00007ff797090000 VMThread "VM Thread" [stack: 0x0000700002694000,0x0000700002794000] [id=18691]
  0x00007ff79686b000 WatcherThread [stack: 0x00007000031b8000,0x00007000032b8000] [id=39939]
  0x00007ff797019000 GCTaskThread "GC Thread#0" [stack: 0x0000700001b73000,0x0000700001c73000] [id=21507]
  0x00007ff79680a800 GCTaskThread "GC Thread#1" [stack: 0x0000700001c76000,0x0000700001d76000] [id=21251]
  0x00007ff796815000 GCTaskThread "GC Thread#2" [stack: 0x0000700001d79000,0x0000700001e79000] [id=11523]
  0x00007ff796815800 GCTaskThread "GC Thread#3" [stack: 0x0000700001e7c000,0x0000700001f7c000] [id=11779]
  0x00007ff797028000 ConcurrentGCThread "G1 Main Marker" [stack: 0x0000700001f7f000,0x000070000207f000] [id=20739]
  0x00007ff79780a800 ConcurrentGCThread "G1 Conc#0" [stack: 0x0000700002082000,0x0000700002182000] [id=12803]
  0x00007ff796832800 ConcurrentGCThread "G1 Refine#0" [stack: 0x0000700002185000,0x0000700002285000] [id=13059]
  0x00007ff79600a000 ConcurrentGCThread "G1 Refine#1" [stack: 0x0000700002288000,0x0000700002388000] [id=19715]
  0x00007ff79600a800 ConcurrentGCThread "G1 Refine#2" [stack: 0x000070000238b000,0x000070000248b000] [id=13571]
  0x00007ff796012000 ConcurrentGCThread "G1 Refine#3" [stack: 0x000070000248e000,0x000070000258e000] [id=19459]
  0x00007ff797053800 ConcurrentGCThread "G1 Young RemSet Sampling" [stack: 0x0000700002591000,0x0000700002691000] [id=18947]

Threads with active compile tasks:

VM state:not at safepoint (normal execution)

VM Mutex/Monitor currently owned by a thread: None

Heap address: 0x0000000740000000, size: 2048 MB, Compressed Oops mode: Zero based, Oop shift amount: 3
Narrow klass base: 0x0000000000000000, Narrow klass shift: 3
Compressed class space size: 1073741824 Address: 0x00000007c0000000

Heap:
 garbage-first heap   total 143360K, used 68458K [0x0000000740000000, 0x00000007c0000000)
  region size 1024K, 2 young (2048K), 1 survivors (1024K)
 Metaspace       used 24563K, capacity 24942K, committed 25984K, reserved 1073152K
  class space    used 2775K, capacity 2927K, committed 3200K, reserved 1048576K
Heap Regions: E=young(eden), S=young(survivor), O=old, HS=humongous(starts), HC=humongous(continues), CS=collection set, F=free, A=archive, TS=gc time stamp, AC=allocation context, TAMS=top-at-mark-start (previous, next)
|   0|0x0000000740000000, 0x0000000740100000, 0x0000000740100000|100%| O|  |TS  0|AC  0|TAMS 0x0000000740100000, 0x0000000740100000|
|   1|0x0000000740100000, 0x0000000740200000, 0x0000000740200000|100%| O|  |TS  0|AC  0|TAMS 0x0000000740200000, 0x0000000740200000|
|   2|0x0000000740200000, 0x0000000740300000, 0x0000000740300000|100%| O|  |TS  0|AC  0|TAMS 0x0000000740300000, 0x0000000740300000|
|   3|0x0000000740300000, 0x0000000740400000, 0x0000000740400000|100%| O|  |TS  0|AC  0|TAMS 0x0000000740400000, 0x0000000740400000|
|   4|0x0000000740400000, 0x0000000740500000, 0x0000000740500000|100%| O|  |TS  0|AC  0|TAMS 0x0000000740500000, 0x0000000740500000|
|   5|0x0000000740500000, 0x0000000740600000, 0x0000000740600000|100%|HS|  |TS  0|AC  0|TAMS 0x0000000740600000, 0x0000000740600000|
|   6|0x0000000740600000, 0x0000000740700000, 0x0000000740700000|100%|HS|  |TS  0|AC  0|TAMS 0x0000000740700000, 0x0000000740700000|
|   7|0x0000000740700000, 0x0000000740800000, 0x0000000740800000|100%|HS|  |TS  0|AC  0|TAMS 0x0000000740800000, 0x0000000740800000|
|   8|0x0000000740800000, 0x0000000740900000, 0x0000000740900000|100%|HS|  |TS  0|AC  0|TAMS 0x0000000740900000, 0x0000000740900000|
|   9|0x0000000740900000, 0x0000000740a00000, 0x0000000740a00000|100%|HS|  |TS  0|AC  0|TAMS 0x0000000740a00000, 0x0000000740a00000|
|  10|0x0000000740a00000, 0x0000000740b00000, 0x0000000740b00000|100%|HS|  |TS  0|AC  0|TAMS 0x0000000740b00000, 0x0000000740b00000|
|  11|0x0000000740b00000, 0x0000000740c00000, 0x0000000740c00000|100%|HS|  |TS  0|AC  0|TAMS 0x0000000740c00000, 0x0000000740c00000|
|  12|0x0000000740c00000, 0x0000000740d00000, 0x0000000740d00000|100%|HS|  |TS  0|AC  0|TAMS 0x0000000740d00000, 0x0000000740d00000|
|  13|0x0000000740d00000, 0x0000000740e00000, 0x0000000740e00000|100%|HS|  |TS  0|AC  0|TAMS 0x0000000740e00000, 0x0000000740e00000|
|  14|0x0000000740e00000, 0x0000000740f00000, 0x0000000740f00000|100%| O|  |TS  0|AC  0|TAMS 0x0000000740f00000, 0x0000000740f00000|
|  15|0x0000000740f00000, 0x0000000741000000, 0x0000000741000000|100%|HS|  |TS  0|AC  0|TAMS 0x0000000741000000, 0x0000000741000000|
|  16|0x0000000741000000, 0x0000000741100000, 0x0000000741100000|100%| O|  |TS  0|AC  0|TAMS 0x0000000741100000, 0x0000000741100000|
|  17|0x0000000741100000, 0x0000000741200000, 0x0000000741200000|100%|HS|  |TS  0|AC  0|TAMS 0x0000000741200000, 0x0000000741200000|
|  18|0x0000000741200000, 0x0000000741300000, 0x0000000741300000|100%|HS|  |TS  0|AC  0|TAMS 0x0000000741300000, 0x0000000741300000|
|  19|0x0000000741300000, 0x0000000741400000, 0x0000000741400000|100%|HS|  |TS  0|AC  0|TAMS 0x0000000741400000, 0x0000000741400000|
|  20|0x0000000741400000, 0x0000000741500000, 0x0000000741500000|100%| O|  |TS  0|AC  0|TAMS 0x0000000741500000, 0x0000000741500000|
|  21|0x0000000741500000, 0x0000000741600000, 0x0000000741600000|100%| O|  |TS  0|AC  0|TAMS 0x0000000741600000, 0x0000000741600000|
|  22|0x0000000741600000, 0x0000000741700000, 0x0000000741700000|100%| O|  |TS  0|AC  0|TAMS 0x0000000741700000, 0x0000000741700000|
|  23|0x0000000741700000, 0x0000000741800000, 0x0000000741800000|100%| O|  |TS  0|AC  0|TAMS 0x0000000741800000, 0x0000000741800000|
|  24|0x0000000741800000, 0x0000000741900000, 0x0000000741900000|100%| O|  |TS  0|AC  0|TAMS 0x0000000741900000, 0x0000000741900000|
|  25|0x0000000741900000, 0x0000000741a00000, 0x0000000741a00000|100%| O|  |TS  0|AC  0|TAMS 0x0000000741a00000, 0x0000000741a00000|
|  26|0x0000000741a00000, 0x0000000741b00000, 0x0000000741b00000|100%|HS|  |TS  0|AC  0|TAMS 0x0000000741b00000, 0x0000000741b00000|
|  27|0x0000000741b00000, 0x0000000741c00000, 0x0000000741c00000|100%| O|  |TS  0|AC  0|TAMS 0x0000000741c00000, 0x0000000741c00000|
|  28|0x0000000741c00000, 0x0000000741d00000, 0x0000000741d00000|100%|HS|  |TS  0|AC  0|TAMS 0x0000000741d00000, 0x0000000741d00000|
|  29|0x0000000741d00000, 0x0000000741e00000, 0x0000000741e00000|100%|HS|  |TS  0|AC  0|TAMS 0x0000000741e00000, 0x0000000741e00000|
|  30|0x0000000741e00000, 0x0000000741f00000, 0x0000000741f00000|100%| O|  |TS  0|AC  0|TAMS 0x0000000741f00000, 0x0000000741f00000|
|  31|0x0000000741f00000, 0x0000000742000000, 0x0000000742000000|100%| O|  |TS  0|AC  0|TAMS 0x0000000742000000, 0x0000000742000000|
|  32|0x0000000742000000, 0x0000000742100000, 0x0000000742100000|100%| O|  |TS  0|AC  0|TAMS 0x0000000742100000, 0x0000000742100000|
|  33|0x0000000742100000, 0x0000000742200000, 0x0000000742200000|100%| O|  |TS  0|AC  0|TAMS 0x0000000742200000, 0x0000000742200000|
|  34|0x0000000742200000, 0x0000000742300000, 0x0000000742300000|100%|HS|  |TS  0|AC  0|TAMS 0x0000000742300000, 0x0000000742300000|
|  35|0x0000000742300000, 0x0000000742400000, 0x0000000742400000|100%|HS|  |TS  0|AC  0|TAMS 0x0000000742400000, 0x0000000742400000|
|  36|0x0000000742400000, 0x0000000742500000, 0x0000000742500000|100%| O|  |TS  0|AC  0|TAMS 0x0000000742500000, 0x0000000742500000|
|  37|0x0000000742500000, 0x0000000742600000, 0x0000000742600000|100%| O|  |TS  0|AC  0|TAMS 0x0000000742600000, 0x0000000742600000|
|  38|0x0000000742600000, 0x0000000742700000, 0x0000000742700000|100%| O|  |TS  0|AC  0|TAMS 0x0000000742700000, 0x0000000742700000|
|  39|0x0000000742700000, 0x00000007427d8800, 0x0000000742800000| 84%| O|  |TS  0|AC  0|TAMS 0x00000007427d8800, 0x00000007427d8800|
|  40|0x0000000742800000, 0x0000000742800000, 0x0000000742900000|  0%| F|  |TS  0|AC  0|TAMS 0x0000000742800000, 0x0000000742800000|
|  41|0x0000000742900000, 0x0000000742a00000, 0x0000000742a00000|100%| O|  |TS  0|AC  0|TAMS 0x0000000742a00000, 0x0000000742a00000|
|  42|0x0000000742a00000, 0x0000000742b00000, 0x0000000742b00000|100%|HS|  |TS  0|AC  0|TAMS 0x0000000742b00000, 0x0000000742b00000|
|  43|0x0000000742b00000, 0x0000000742c00000, 0x0000000742c00000|100%| O|  |TS  0|AC  0|TAMS 0x0000000742c00000, 0x0000000742c00000|
|  44|0x0000000742c00000, 0x0000000742d00000, 0x0000000742d00000|100%|HS|  |TS  0|AC  0|TAMS 0x0000000742d00000, 0x0000000742d00000|
|  45|0x0000000742d00000, 0x0000000742d00000, 0x0000000742e00000|  0%| F|  |TS  0|AC  0|TAMS 0x0000000742d00000, 0x0000000742d00000|
|  46|0x0000000742e00000, 0x0000000742f00000, 0x0000000742f00000|100%|HS|  |TS  0|AC  0|TAMS 0x0000000742f00000, 0x0000000742f00000|
|  47|0x0000000742f00000, 0x0000000743000000, 0x0000000743000000|100%| O|  |TS  0|AC  0|TAMS 0x0000000743000000, 0x0000000743000000|
|  48|0x0000000743000000, 0x0000000743100000, 0x0000000743100000|100%|HS|  |TS  0|AC  0|TAMS 0x0000000743100000, 0x0000000743100000|
|  49|0x0000000743100000, 0x0000000743200000, 0x0000000743200000|100%|HS|  |TS  0|AC  0|TAMS 0x0000000743200000, 0x0000000743200000|
|  50|0x0000000743200000, 0x0000000743300000, 0x0000000743300000|100%|HS|  |TS  0|AC  0|TAMS 0x0000000743300000, 0x0000000743300000|
|  51|0x0000000743300000, 0x0000000743400000, 0x0000000743400000|100%|HS|  |TS  0|AC  0|TAMS 0x0000000743400000, 0x0000000743400000|
|  52|0x0000000743400000, 0x0000000743400000, 0x0000000743500000|  0%| F|  |TS  0|AC  0|TAMS 0x0000000743400000, 0x0000000743400000|
|  53|0x0000000743500000, 0x0000000743500000, 0x0000000743600000|  0%| F|  |TS  0|AC  0|TAMS 0x0000000743500000, 0x0000000743500000|
|  54|0x0000000743600000, 0x0000000743700000, 0x0000000743700000|100%| O|  |TS  0|AC  0|TAMS 0x0000000743700000, 0x0000000743700000|
|  55|0x0000000743700000, 0x0000000743800000, 0x0000000743800000|100%|HS|  |TS  0|AC  0|TAMS 0x0000000743800000, 0x0000000743800000|
|  56|0x0000000743800000, 0x0000000743800000, 0x0000000743900000|  0%| F|  |TS  0|AC  0|TAMS 0x0000000743800000, 0x0000000743800000|
|  57|0x0000000743900000, 0x0000000743900000, 0x0000000743a00000|  0%| F|  |TS  0|AC  0|TAMS 0x0000000743900000, 0x0000000743900000|
|  58|0x0000000743a00000, 0x0000000743b00000, 0x0000000743b00000|100%|HS|  |TS  0|AC  0|TAMS 0x0000000743b00000, 0x0000000743b00000|
|  59|0x0000000743b00000, 0x0000000743c00000, 0x0000000743c00000|100%|HS|  |TS  0|AC  0|TAMS 0x0000000743c00000, 0x0000000743c00000|
|  60|0x0000000743c00000, 0x0000000743c00000, 0x0000000743d00000|  0%| F|  |TS  0|AC  0|TAMS 0x0000000743c00000, 0x0000000743c00000|
|  61|0x0000000743d00000, 0x0000000743d00000, 0x0000000743e00000|  0%| F|  |TS  0|AC  0|TAMS 0x0000000743d00000, 0x0000000743d00000|
|  62|0x0000000743e00000, 0x0000000743e00000, 0x0000000743f00000|  0%| F|  |TS  0|AC  0|TAMS 0x0000000743e00000, 0x0000000743e00000|
|  63|0x0000000743f00000, 0x0000000743f00000, 0x0000000744000000|  0%| F|  |TS  0|AC  0|TAMS 0x0000000743f00000, 0x0000000743f00000|
|  64|0x0000000744000000, 0x0000000744000000, 0x0000000744100000|  0%| F|  |TS  0|AC  0|TAMS 0x0000000744000000, 0x0000000744000000|
|  65|0x0000000744100000, 0x0000000744200000, 0x0000000744200000|100%| O|  |TS  0|AC  0|TAMS 0x0000000744200000, 0x0000000744200000|
|  66|0x0000000744200000, 0x0000000744300000, 0x0000000744300000|100%| O|  |TS  0|AC  0|TAMS 0x0000000744300000, 0x0000000744300000|
|  67|0x0000000744300000, 0x0000000744400000, 0x0000000744400000|100%| O|  |TS  0|AC  0|TAMS 0x0000000744400000, 0x0000000744400000|
|  68|0x0000000744400000, 0x0000000744400000, 0x0000000744500000|  0%| F|  |TS  0|AC  0|TAMS 0x0000000744400000, 0x0000000744400000|
|  69|0x0000000744500000, 0x0000000744600000, 0x0000000744600000|100%| O|  |TS  0|AC  0|TAMS 0x0000000744600000, 0x0000000744600000|
|  70|0x0000000744600000, 0x0000000744700000, 0x0000000744700000|100%| O|  |TS  0|AC  0|TAMS 0x0000000744700000, 0x0000000744700000|
|  71|0x0000000744700000, 0x0000000744700000, 0x0000000744800000|  0%| F|  |TS  0|AC  0|TAMS 0x0000000744700000, 0x0000000744700000|
|  72|0x0000000744800000, 0x0000000744800000, 0x0000000744900000|  0%| F|  |TS  0|AC  0|TAMS 0x0000000744800000, 0x0000000744800000|
|  73|0x0000000744900000, 0x0000000744a00000, 0x0000000744a00000|100%| O|  |TS  0|AC  0|TAMS 0x0000000744a00000, 0x0000000744a00000|
|  74|0x0000000744a00000, 0x0000000744b00000, 0x0000000744b00000|100%| O|  |TS  0|AC  0|TAMS 0x0000000744b00000, 0x0000000744b00000|
|  75|0x0000000744b00000, 0x0000000744b00000, 0x0000000744c00000|  0%| F|  |TS  0|AC  0|TAMS 0x0000000744b00000, 0x0000000744b00000|
|  76|0x0000000744c00000, 0x0000000744c00000, 0x0000000744d00000|  0%| F|  |TS  0|AC  0|TAMS 0x0000000744c00000, 0x0000000744c00000|
|  77|0x0000000744d00000, 0x0000000744e00000, 0x0000000744e00000|100%| O|  |TS  0|AC  0|TAMS 0x0000000744e00000, 0x0000000744e00000|
|  78|0x0000000744e00000, 0x0000000744f00000, 0x0000000744f00000|100%| O|  |TS  0|AC  0|TAMS 0x0000000744f00000, 0x0000000744f00000|
|  79|0x0000000744f00000, 0x0000000745000000, 0x0000000745000000|100%| O|  |TS  0|AC  0|TAMS 0x0000000745000000, 0x0000000745000000|
|  80|0x0000000745000000, 0x0000000745100000, 0x0000000745100000|100%|HS|  |TS  0|AC  0|TAMS 0x0000000745100000, 0x0000000745100000|
|  81|0x0000000745100000, 0x0000000745100000, 0x0000000745200000|  0%| F|  |TS  0|AC  0|TAMS 0x0000000745100000, 0x0000000745100000|
|  82|0x0000000745200000, 0x0000000745300000, 0x0000000745300000|100%| O|  |TS  0|AC  0|TAMS 0x0000000745300000, 0x0000000745300000|
|  83|0x0000000745300000, 0x0000000745400000, 0x0000000745400000|100%|HS|  |TS  0|AC  0|TAMS 0x0000000745400000, 0x0000000745400000|
|  84|0x0000000745400000, 0x0000000745400000, 0x0000000745500000|  0%| F|  |TS  0|AC  0|TAMS 0x0000000745400000, 0x0000000745400000|
|  85|0x0000000745500000, 0x0000000745500000, 0x0000000745600000|  0%| F|  |TS  0|AC  0|TAMS 0x0000000745500000, 0x0000000745500000|
|  86|0x0000000745600000, 0x0000000745600000, 0x0000000745700000|  0%| F|  |TS  0|AC  0|TAMS 0x0000000745600000, 0x0000000745600000|
|  87|0x0000000745700000, 0x0000000745700000, 0x0000000745800000|  0%| F|  |TS  0|AC  0|TAMS 0x0000000745700000, 0x0000000745700000|
|  88|0x0000000745800000, 0x0000000745800000, 0x0000000745900000|  0%| F|  |TS  0|AC  0|TAMS 0x0000000745800000, 0x0000000745800000|
|  89|0x0000000745900000, 0x0000000745900000, 0x0000000745a00000|  0%| F|  |TS  0|AC  0|TAMS 0x0000000745900000, 0x0000000745900000|
|  90|0x0000000745a00000, 0x0000000745a00000, 0x0000000745b00000|  0%| F|  |TS  0|AC  0|TAMS 0x0000000745a00000, 0x0000000745a00000|
|  91|0x0000000745b00000, 0x0000000745b00000, 0x0000000745c00000|  0%| F|  |TS  0|AC  0|TAMS 0x0000000745b00000, 0x0000000745b00000|
|  92|0x0000000745c00000, 0x0000000745c00000, 0x0000000745d00000|  0%| F|  |TS  0|AC  0|TAMS 0x0000000745c00000, 0x0000000745c00000|
|  93|0x0000000745d00000, 0x0000000745d00000, 0x0000000745e00000|  0%| F|  |TS  0|AC  0|TAMS 0x0000000745d00000, 0x0000000745d00000|
|  94|0x0000000745e00000, 0x0000000745e00000, 0x0000000745f00000|  0%| F|  |TS  0|AC  0|TAMS 0x0000000745e00000, 0x0000000745e00000|
|  95|0x0000000745f00000, 0x0000000745f00000, 0x0000000746000000|  0%| F|  |TS  0|AC  0|TAMS 0x0000000745f00000, 0x0000000745f00000|
|  96|0x0000000746000000, 0x0000000746000000, 0x0000000746100000|  0%| F|  |TS  0|AC  0|TAMS 0x0000000746000000, 0x0000000746000000|
|  97|0x0000000746100000, 0x0000000746100000, 0x0000000746200000|  0%| F|  |TS  0|AC  0|TAMS 0x0000000746100000, 0x0000000746100000|
|  98|0x0000000746200000, 0x0000000746200000, 0x0000000746300000|  0%| F|  |TS  0|AC  0|TAMS 0x0000000746200000, 0x0000000746200000|
|  99|0x0000000746300000, 0x0000000746300000, 0x0000000746400000|  0%| F|  |TS  0|AC  0|TAMS 0x0000000746300000, 0x0000000746300000|
| 100|0x0000000746400000, 0x0000000746400000, 0x0000000746500000|  0%| F|  |TS  0|AC  0|TAMS 0x0000000746400000, 0x0000000746400000|
| 101|0x0000000746500000, 0x0000000746500000, 0x0000000746600000|  0%| F|  |TS  0|AC  0|TAMS 0x0000000746500000, 0x0000000746500000|
| 102|0x0000000746600000, 0x0000000746600000, 0x0000000746700000|  0%| F|  |TS  0|AC  0|TAMS 0x0000000746600000, 0x0000000746600000|
| 103|0x0000000746700000, 0x0000000746700000, 0x0000000746800000|  0%| F|  |TS  0|AC  0|TAMS 0x0000000746700000, 0x0000000746700000|
| 104|0x0000000746800000, 0x0000000746800000, 0x0000000746900000|  0%| F|  |TS  0|AC  0|TAMS 0x0000000746800000, 0x0000000746800000|
| 105|0x0000000746900000, 0x0000000746900000, 0x0000000746a00000|  0%| F|  |TS  0|AC  0|TAMS 0x0000000746900000, 0x0000000746900000|
| 106|0x0000000746a00000, 0x0000000746a00000, 0x0000000746b00000|  0%| F|  |TS  0|AC  0|TAMS 0x0000000746a00000, 0x0000000746a00000|
| 107|0x0000000746b00000, 0x0000000746b00000, 0x0000000746c00000|  0%| F|  |TS  0|AC  0|TAMS 0x0000000746b00000, 0x0000000746b00000|
| 108|0x0000000746c00000, 0x0000000746c00000, 0x0000000746d00000|  0%| F|  |TS  0|AC  0|TAMS 0x0000000746c00000, 0x0000000746c00000|
| 109|0x0000000746d00000, 0x0000000746d00000, 0x0000000746e00000|  0%| F|  |TS  0|AC  0|TAMS 0x0000000746d00000, 0x0000000746d00000|
| 110|0x0000000746e00000, 0x0000000746e00000, 0x0000000746f00000|  0%| F|  |TS  0|AC  0|TAMS 0x0000000746e00000, 0x0000000746e00000|
| 111|0x0000000746f00000, 0x0000000746f00000, 0x0000000747000000|  0%| F|  |TS  0|AC  0|TAMS 0x0000000746f00000, 0x0000000746f00000|
| 112|0x0000000747000000, 0x0000000747000000, 0x0000000747100000|  0%| F|  |TS  0|AC  0|TAMS 0x0000000747000000, 0x0000000747000000|
| 113|0x0000000747100000, 0x0000000747100000, 0x0000000747200000|  0%| F|  |TS  0|AC  0|TAMS 0x0000000747100000, 0x0000000747100000|
| 114|0x0000000747200000, 0x0000000747200000, 0x0000000747300000|  0%| F|  |TS  0|AC  0|TAMS 0x0000000747200000, 0x0000000747200000|
| 115|0x0000000747300000, 0x0000000747302040, 0x0000000747400000|  0%| S|CS|TS  0|AC  0|TAMS 0x0000000747300000, 0x0000000747300000|
| 116|0x0000000747400000, 0x0000000747400000, 0x0000000747500000|  0%| F|  |TS  0|AC  0|TAMS 0x0000000747400000, 0x0000000747400000|
| 117|0x0000000747500000, 0x0000000747500000, 0x0000000747600000|  0%| F|  |TS  0|AC  0|TAMS 0x0000000747500000, 0x0000000747500000|
| 118|0x0000000747600000, 0x0000000747600000, 0x0000000747700000|  0%| F|  |TS  0|AC  0|TAMS 0x0000000747600000, 0x0000000747600000|
| 119|0x0000000747700000, 0x0000000747700000, 0x0000000747800000|  0%| F|  |TS  0|AC  0|TAMS 0x0000000747700000, 0x0000000747700000|
| 120|0x0000000747800000, 0x0000000747800000, 0x0000000747900000|  0%| F|  |TS  0|AC  0|TAMS 0x0000000747800000, 0x0000000747800000|
| 121|0x0000000747900000, 0x0000000747900000, 0x0000000747a00000|  0%| F|  |TS  0|AC  0|TAMS 0x0000000747900000, 0x0000000747900000|
| 122|0x0000000747a00000, 0x0000000747a00000, 0x0000000747b00000|  0%| F|  |TS  0|AC  0|TAMS 0x0000000747a00000, 0x0000000747a00000|
| 123|0x0000000747b00000, 0x0000000747b00000, 0x0000000747c00000|  0%| F|  |TS  0|AC  0|TAMS 0x0000000747b00000, 0x0000000747b00000|
| 124|0x0000000747c00000, 0x0000000747c00000, 0x0000000747d00000|  0%| F|  |TS  0|AC  0|TAMS 0x0000000747c00000, 0x0000000747c00000|
| 125|0x0000000747d00000, 0x0000000747d00000, 0x0000000747e00000|  0%| F|  |TS  0|AC  0|TAMS 0x0000000747d00000, 0x0000000747d00000|
| 126|0x0000000747e00000, 0x0000000747e00000, 0x0000000747f00000|  0%| F|  |TS  0|AC  0|TAMS 0x0000000747e00000, 0x0000000747e00000|
| 127|0x0000000747f00000, 0x0000000747f00000, 0x0000000748000000|  0%| F|  |TS  0|AC  0|TAMS 0x0000000747f00000, 0x0000000747f00000|
| 128|0x0000000748000000, 0x0000000748000000, 0x0000000748100000|  0%| F|  |TS  0|AC  0|TAMS 0x0000000748000000, 0x0000000748000000|
| 129|0x0000000748100000, 0x0000000748100000, 0x0000000748200000|  0%| F|  |TS  0|AC  0|TAMS 0x0000000748100000, 0x0000000748100000|
| 130|0x0000000748200000, 0x0000000748200000, 0x0000000748300000|  0%| F|  |TS  0|AC  0|TAMS 0x0000000748200000, 0x0000000748200000|
| 131|0x0000000748300000, 0x0000000748300000, 0x0000000748400000|  0%| F|  |TS  0|AC  0|TAMS 0x0000000748300000, 0x0000000748300000|
| 132|0x0000000748400000, 0x0000000748400000, 0x0000000748500000|  0%| F|  |TS  0|AC  0|TAMS 0x0000000748400000, 0x0000000748400000|
| 133|0x0000000748500000, 0x0000000748500000, 0x0000000748600000|  0%| F|  |TS  0|AC  0|TAMS 0x0000000748500000, 0x0000000748500000|
| 134|0x0000000748600000, 0x0000000748600000, 0x0000000748700000|  0%| F|  |TS  0|AC  0|TAMS 0x0000000748600000, 0x0000000748600000|
| 135|0x0000000748700000, 0x0000000748700000, 0x0000000748800000|  0%| F|  |TS  0|AC  0|TAMS 0x0000000748700000, 0x0000000748700000|
| 136|0x0000000748800000, 0x0000000748800000, 0x0000000748900000|  0%| F|  |TS  0|AC  0|TAMS 0x0000000748800000, 0x0000000748800000|
| 137|0x0000000748900000, 0x0000000748900000, 0x0000000748a00000|  0%| F|  |TS  0|AC  0|TAMS 0x0000000748900000, 0x0000000748900000|
| 138|0x0000000748a00000, 0x0000000748a00000, 0x0000000748b00000|  0%| F|  |TS  0|AC  0|TAMS 0x0000000748a00000, 0x0000000748a00000|
| 139|0x0000000748b00000, 0x0000000748b594c0, 0x0000000748c00000| 34%| E|  |TS  0|AC  0|TAMS 0x0000000748b00000, 0x0000000748b00000|

Card table byte_map: [0x000000010a958000,0x000000010ad58000] byte_map_base: 0x0000000106f58000

Marking Bits (Prev, Next): (CMBitMap*) 0x00007ff797027498, (CMBitMap*) 0x00007ff797027460
 Prev Bits: [0x0000000125fb3000, 0x0000000127fb3000)
 Next Bits: [0x0000000123fb3000, 0x0000000125fb3000)

Polling page: 0x000000010a31c000

CodeHeap 'non-profiled nmethods': size=120032Kb used=5592Kb max_used=5592Kb free=114439Kb
 bounds [0x000000011ca7b000, 0x000000011cffb000, 0x0000000123fb3000]
CodeHeap 'profiled nmethods': size=120032Kb used=11969Kb max_used=12299Kb free=108063Kb
 bounds [0x0000000115543000, 0x0000000116193000, 0x000000011ca7b000]
CodeHeap 'non-nmethods': size=5696Kb used=1293Kb max_used=1349Kb free=4402Kb
 bounds [0x0000000114fb3000, 0x0000000115223000, 0x0000000115543000]
 total_blobs=11035 nmethods=6015 adapters=634
 compilation: enabled

Compilation events (10 events):
Event: 28210.188 Thread 0x00007ff796810800 7547  s    3       sun.java2d.loops.TransformHelper::getFromCache (43 bytes)
Event: 28210.189 Thread 0x00007ff796810800 nmethod 7547 0x0000000115b8dc10 code [0x0000000115b8de20, 0x0000000115b8e508]
Event: 28210.189 Thread 0x00007ff796810800 7548       3       sun.java2d.loops.MaskBlit::getFromCache (93 bytes)
Event: 28210.192 Thread 0x00007ff796810800 nmethod 7548 0x0000000115bec290 code [0x0000000115bec620, 0x0000000115bedd38]
Event: 28210.987 Thread 0x00007ff797097800 7549       4       sun.awt.image.SurfaceManager::getImageScaleY (22 bytes)
Event: 28210.989 Thread 0x00007ff79781b800 7550       4       sun.awt.image.SurfaceManager::getImageScaleX (22 bytes)
Event: 28211.361 Thread 0x00007ff797097800 nmethod 7549 0x000000011ce88d90 code [0x000000011ce88f80, 0x000000011ce89428]
Event: 28211.363 Thread 0x00007ff79781b800 nmethod 7550 0x000000011ce88490 code [0x000000011ce88680, 0x000000011ce88b28]
Event: 28507.591 Thread 0x00007ff797097800 7551 % !   4       javax.swing.TimerQueue::run @ 9 (242 bytes)
Event: 28507.647 Thread 0x00007ff797097800 nmethod 7551% 0x000000011cee4b10 code [0x000000011cee4e20, 0x000000011cee5c10]

GC Heap History (10 events):
Event: 25917.999 GC heap before
{Heap before GC invocations=96 (full 0):
 garbage-first heap   total 131072K, used 81508K [0x0000000740000000, 0x00000007c0000000)
  region size 1024K, 6 young (6144K), 1 survivors (1024K)
 Metaspace       used 24557K, capacity 24948K, committed 25984K, reserved 1073152K
  class space    used 2775K, capacity 2928K, committed 3200K, reserved 1048576K
}
Event: 25918.054 GC heap after
{Heap after GC invocations=97 (full 0):
 garbage-first heap   total 131072K, used 71120K [0x0000000740000000, 0x00000007c0000000)
  region size 1024K, 1 young (1024K), 1 survivors (1024K)
 Metaspace       used 24557K, capacity 24948K, committed 25984K, reserved 1073152K
  class space    used 2775K, capacity 2928K, committed 3200K, reserved 1048576K
}
Event: 26771.168 GC heap before
{Heap before GC invocations=97 (full 0):
 garbage-first heap   total 131072K, used 92624K [0x0000000740000000, 0x00000007c0000000)
  region size 1024K, 22 young (22528K), 1 survivors (1024K)
 Metaspace       used 24557K, capacity 24948K, committed 25984K, reserved 1073152K
  class space    used 2775K, capacity 2928K, committed 3200K, reserved 1048576K
}
Event: 26771.251 GC heap after
{Heap after GC invocations=98 (full 0):
 garbage-first heap   total 131072K, used 71889K [0x0000000740000000, 0x00000007c0000000)
  region size 1024K, 2 young (2048K), 2 survivors (2048K)
 Metaspace       used 24557K, capacity 24948K, committed 25984K, reserved 1073152K
  class space    used 2775K, capacity 2928K, committed 3200K, reserved 1048576K
}
Event: 28210.989 GC heap before
{Heap before GC invocations=99 (full 0):
 garbage-first heap   total 143360K, used 116945K [0x0000000740000000, 0x00000007c0000000)
  region size 1024K, 24 young (24576K), 2 survivors (2048K)
 Metaspace       used 24567K, capacity 24948K, committed 25984K, reserved 1073152K
  class space    used 2775K, capacity 2928K, committed 3200K, reserved 1048576K
}
Event: 28211.283 GC heap after
{Heap after GC invocations=100 (full 0):
 garbage-first heap   total 143360K, used 95865K [0x0000000740000000, 0x00000007c0000000)
  region size 1024K, 3 young (3072K), 3 survivors (3072K)
 Metaspace       used 24567K, capacity 24948K, committed 25984K, reserved 1073152K
  class space    used 2775K, capacity 2928K, committed 3200K, reserved 1048576K
}
Event: 28479.926 GC heap before
{Heap before GC invocations=100 (full 0):
 garbage-first heap   total 143360K, used 99961K [0x0000000740000000, 0x00000007c0000000)
  region size 1024K, 7 young (7168K), 3 survivors (3072K)
 Metaspace       used 24567K, capacity 24948K, committed 25984K, reserved 1073152K
  class space    used 2775K, capacity 2928K, committed 3200K, reserved 1048576K
}
Event: 28479.960 GC heap after
{Heap after GC invocations=101 (full 0):
 garbage-first heap   total 143360K, used 81777K [0x0000000740000000, 0x00000007c0000000)
  region size 1024K, 1 young (1024K), 1 survivors (1024K)
 Metaspace       used 24567K, capacity 24948K, committed 25984K, reserved 1073152K
  class space    used 2775K, capacity 2928K, committed 3200K, reserved 1048576K
}
Event: 30184.761 GC heap before
{Heap before GC invocations=101 (full 0):
 garbage-first heap   total 143360K, used 105329K [0x0000000740000000, 0x00000007c0000000)
  region size 1024K, 24 young (24576K), 1 survivors (1024K)
 Metaspace       used 24567K, capacity 24948K, committed 25984K, reserved 1073152K
  class space    used 2775K, capacity 2928K, committed 3200K, reserved 1048576K
}
Event: 30184.781 GC heap after
{Heap after GC invocations=102 (full 0):
 garbage-first heap   total 143360K, used 81770K [0x0000000740000000, 0x00000007c0000000)
  region size 1024K, 1 young (1024K), 1 survivors (1024K)
 Metaspace       used 24567K, capacity 24948K, committed 25984K, reserved 1073152K
  class space    used 2775K, capacity 2928K, committed 3200K, reserved 1048576K
}

Deoptimization events (10 events):
Event: 28209.549 Thread 0x00007ff797537000 Uncommon trap: reason=bimorphic_or_optimized_type_check action=maybe_recompile pc=0x000000011cf2d0f4 method=sun.java2d.SunGraphics2D.drawRect(IIII)V @ 10 c2
Event: 28209.558 Thread 0x00007ff797537000 Uncommon trap: reason=bimorphic_or_optimized_type_check action=maybe_recompile pc=0x000000011cf2d0f4 method=sun.java2d.SunGraphics2D.drawRect(IIII)V @ 10 c2
Event: 28209.609 Thread 0x00007ff797537000 Uncommon trap: reason=bimorphic_or_optimized_type_check action=maybe_recompile pc=0x000000011cf2d0f4 method=sun.java2d.SunGraphics2D.drawRect(IIII)V @ 10 c2
Event: 28209.623 Thread 0x00007ff797537000 Uncommon trap: reason=class_check action=maybe_recompile pc=0x000000011ce71c70 method=sun.java2d.SunGraphics2D.draw(Ljava/awt/Shape;)V @ 6 c2
Event: 28209.626 Thread 0x00007ff797537000 Uncommon trap: reason=class_check action=maybe_recompile pc=0x000000011ce71c70 method=sun.java2d.SunGraphics2D.draw(Ljava/awt/Shape;)V @ 6 c2
Event: 28209.626 Thread 0x00007ff797537000 Uncommon trap: reason=class_check action=maybe_recompile pc=0x000000011ce71c70 method=sun.java2d.SunGraphics2D.draw(Ljava/awt/Shape;)V @ 6 c2
Event: 28209.626 Thread 0x00007ff797537000 Uncommon trap: reason=class_check action=maybe_recompile pc=0x000000011ce71c70 method=sun.java2d.SunGraphics2D.draw(Ljava/awt/Shape;)V @ 6 c2
Event: 28209.626 Thread 0x00007ff797537000 Uncommon trap: reason=bimorphic_or_optimized_type_check action=maybe_recompile pc=0x000000011cf2d0f4 method=sun.java2d.SunGraphics2D.drawRect(IIII)V @ 10 c2
Event: 28209.632 Thread 0x00007ff797537000 Uncommon trap: reason=bimorphic_or_optimized_type_check action=maybe_recompile pc=0x000000011cf29f18 method=sun.java2d.SunGraphics2D.drawRect(IIII)V @ 10 c2
Event: 28210.212 Thread 0x00007ff797537000 Uncommon trap: reason=class_check action=maybe_recompile pc=0x000000011cd17048 method=sun.awt.image.SurfaceManager.getImageScaleX(Ljava/awt/Image;)D @ 18 c2

Classes redefined (0 events):
No events

Internal exceptions (10 events):
Event: 25721.845 Thread 0x00007ff79781a800 Implicit null exception at 0x00000001160be5d7 to 0x00000001160be838
Event: 25721.845 Thread 0x00007ff79781a800 Exception <a 'java/lang/NullPointerException'{0x0000000747e91c00}> (0x0000000747e91c00) thrown at [/scratch/mesos/slaves/9190d864-6621-4810-ba08-d8d8c75ba674-S34/frameworks/1735e8a2-a1db-478c-8104-60c8b0af87dd-0196/executors/f87b4890-2412-429e-bdfd-83788a
Event: 25723.262 Thread 0x00007ff797537000 Exception <a 'java/io/FileNotFoundException'{0x000000074773d498}> (0x000000074773d498) thrown at [/scratch/mesos/slaves/9190d864-6621-4810-ba08-d8d8c75ba674-S34/frameworks/1735e8a2-a1db-478c-8104-60c8b0af87dd-0196/executors/f87b4890-2412-429e-bdfd-83788a2
Event: 25723.316 Thread 0x00007ff797537000 Exception <a 'java/io/FileNotFoundException'{0x000000074773dcb0}> (0x000000074773dcb0) thrown at [/scratch/mesos/slaves/9190d864-6621-4810-ba08-d8d8c75ba674-S34/frameworks/1735e8a2-a1db-478c-8104-60c8b0af87dd-0196/executors/f87b4890-2412-429e-bdfd-83788a2
Event: 25725.666 Thread 0x00007ff79781a800 Implicit null exception at 0x00000001160be5d7 to 0x00000001160be838
Event: 25725.666 Thread 0x00007ff79781a800 Exception <a 'java/lang/NullPointerException'{0x0000000747fd2948}> (0x0000000747fd2948) thrown at [/scratch/mesos/slaves/9190d864-6621-4810-ba08-d8d8c75ba674-S34/frameworks/1735e8a2-a1db-478c-8104-60c8b0af87dd-0196/executors/f87b4890-2412-429e-bdfd-83788a
Event: 25853.653 Thread 0x00007ff79781a800 Implicit null exception at 0x00000001160be5d7 to 0x00000001160be838
Event: 25853.653 Thread 0x00007ff79781a800 Exception <a 'java/lang/NullPointerException'{0x0000000747f51b58}> (0x0000000747f51b58) thrown at [/scratch/mesos/slaves/9190d864-6621-4810-ba08-d8d8c75ba674-S34/frameworks/1735e8a2-a1db-478c-8104-60c8b0af87dd-0196/executors/f87b4890-2412-429e-bdfd-83788a
Event: 25859.825 Thread 0x00007ff797537000 Exception <a 'java/io/FileNotFoundException'{0x000000074776a320}> (0x000000074776a320) thrown at [/scratch/mesos/slaves/9190d864-6621-4810-ba08-d8d8c75ba674-S34/frameworks/1735e8a2-a1db-478c-8104-60c8b0af87dd-0196/executors/f87b4890-2412-429e-bdfd-83788a2
Event: 25859.875 Thread 0x00007ff797537000 Exception <a 'java/io/FileNotFoundException'{0x000000074776ab38}> (0x000000074776ab38) thrown at [/scratch/mesos/slaves/9190d864-6621-4810-ba08-d8d8c75ba674-S34/frameworks/1735e8a2-a1db-478c-8104-60c8b0af87dd-0196/executors/f87b4890-2412-429e-bdfd-83788a2

Events (10 events):
Event: 30184.972 Executing VM operation: BulkRevokeBias
Event: 30184.975 Executing VM operation: BulkRevokeBias done
Event: 30184.975 Executing VM operation: RevokeBias
Event: 30184.975 Executing VM operation: RevokeBias done
Event: 30184.976 Executing VM operation: RevokeBias
Event: 30184.976 Executing VM operation: RevokeBias done
Event: 30184.977 Executing VM operation: RevokeBias
Event: 30184.978 Executing VM operation: RevokeBias done
Event: 30184.984 Executing VM operation: CGC_Operation
Event: 30184.992 Executing VM operation: CGC_Operation done


Dynamic libraries:
0x00007fff34f9b000 	/System/Library/Frameworks/Cocoa.framework/Versions/A/Cocoa
0x00007fff222e5000 	/System/Library/Frameworks/Security.framework/Versions/A/Security
0x00007fff331a3000 	/System/Library/Frameworks/ApplicationServices.framework/Versions/A/ApplicationServices
0x00007fff2a567000 	/usr/lib/libz.1.dylib
0x00007fff2a62f000 	/usr/lib/libSystem.B.dylib
0x00007fff204ce000 	/System/Library/Frameworks/CoreFoundation.framework/Versions/A/CoreFoundation
0x00007fff2127d000 	/System/Library/Frameworks/Foundation.framework/Versions/C/Foundation
0x00007fff202ee000 	/usr/lib/libobjc.A.dylib
0x00007fff22d16000 	/System/Library/Frameworks/AppKit.framework/Versions/C/AppKit
0x00007fff25bda000 	/System/Library/Frameworks/CoreData.framework/Versions/A/CoreData
0x00007fff23a62000 	/System/Library/PrivateFrameworks/UIFoundation.framework/Versions/A/UIFoundation
0x00007fff2fc5d000 	/System/Library/PrivateFrameworks/RemoteViewServices.framework/Versions/A/RemoteViewServices
0x00007fff28a73000 	/System/Library/PrivateFrameworks/XCTTargetBootstrap.framework/Versions/A/XCTTargetBootstrap
0x00007fff2b759000 	/usr/lib/libspindump.dylib
0x00007fff23cb1000 	/System/Library/Frameworks/UniformTypeIdentifiers.framework/Versions/A/UniformTypeIdentifiers
0x00007fff27277000 	/usr/lib/libapp_launch_measurement.dylib
0x00007fff2727a000 	/System/Library/PrivateFrameworks/CoreAutoLayout.framework/Versions/A/CoreAutoLayout
0x00007fff283da000 	/System/Library/Frameworks/Metal.framework/Versions/A/Metal
0x00007fff290d0000 	/usr/lib/liblangid.dylib
0x00007fff28a77000 	/System/Library/PrivateFrameworks/CoreSVG.framework/Versions/A/CoreSVG
0x00007fff24cf1000 	/System/Library/PrivateFrameworks/SkyLight.framework/Versions/A/SkyLight
0x00007fff25057000 	/System/Library/Frameworks/CoreGraphics.framework/Versions/A/CoreGraphics
0x00007fff30184000 	/System/Library/Frameworks/Accelerate.framework/Versions/A/Accelerate
0x00007fff2b197000 	/System/Library/PrivateFrameworks/IconServices.framework/Versions/A/IconServices
0x00007fff283be000 	/System/Library/Frameworks/IOSurface.framework/Versions/A/IOSurface
0x00007fff26562000 	/usr/lib/libDiagnosticMessagesClient.dylib
0x00007fff28a5f000 	/System/Library/PrivateFrameworks/DFRFoundation.framework/Versions/A/DFRFoundation
0x00007fff2263d000 	/usr/lib/libicucore.A.dylib
0x00007fff2cc9c000 	/System/Library/Frameworks/AudioToolbox.framework/Versions/A/AudioToolbox
0x00007fff2bf24000 	/System/Library/PrivateFrameworks/DataDetectorsCore.framework/Versions/A/DataDetectorsCore
0x00007fff24c64000 	/usr/lib/libMobileGestalt.dylib
0x00007fff28763000 	/System/Library/Frameworks/Carbon.framework/Versions/A/Frameworks/HIToolbox.framework/Versions/A/HIToolbox
0x00007fff26cbc000 	/System/Library/Frameworks/QuartzCore.framework/Versions/A/QuartzCore
0x00007fff2fc95000 	/System/Library/Frameworks/Carbon.framework/Versions/A/Frameworks/SpeechRecognition.framework/Versions/A/SpeechRecognition
0x00007fff26fdc000 	/System/Library/PrivateFrameworks/CoreUI.framework/Versions/A/CoreUI
0x00007fff21c53000 	/System/Library/Frameworks/CoreAudio.framework/Versions/A/CoreAudio
0x00007fff2664d000 	/System/Library/Frameworks/DiskArbitration.framework/Versions/A/DiskArbitration
0x00007fff2bb27000 	/System/Library/PrivateFrameworks/MultitouchSupport.framework/Versions/A/MultitouchSupport
0x00007fff2bf1b000 	/System/Library/PrivateFrameworks/InternationalSupport.framework/Versions/A/InternationalSupport
0x00007fff24c63000 	/usr/lib/libenergytrace.dylib
0x00007fff22c0d000 	/System/Library/Frameworks/IOKit.framework/Versions/A/IOKit
0x00007fff2ffc8000 	/System/Library/Frameworks/CoreServices.framework/Versions/A/CoreServices
0x00007fff27209000 	/System/Library/PrivateFrameworks/PerformanceAnalysis.framework/Versions/A/PerformanceAnalysis
0x00007fff6bb35000 	/System/Library/Frameworks/OpenGL.framework/Versions/A/OpenGL
0x00007fff2bf9f000 	/System/Library/PrivateFrameworks/UserActivity.framework/Versions/A/UserActivity
0x00007fff256e1000 	/System/Library/Frameworks/ColorSync.framework/Versions/A/ColorSync
0x00007fff28cde000 	/System/Library/Frameworks/CoreImage.framework/Versions/A/CoreImage
0x00007fff21a6d000 	/System/Library/Frameworks/CoreText.framework/Versions/A/CoreText
0x00007fff28aa1000 	/System/Library/Frameworks/ImageIO.framework/Versions/A/ImageIO
0x00007fff2a635000 	/System/Library/PrivateFrameworks/SoftLinking.framework/Versions/A/SoftLinking
0x00007fff272c2000 	/usr/lib/libxml2.2.dylib
0x00007fff203b4000 	/usr/lib/libc++.1.dylib
0x00007fff2a8a6000 	/usr/lib/libcompression.dylib
0x00007fff2be4d000 	/System/Library/PrivateFrameworks/TextureIO.framework/Versions/A/TextureIO
0x00007fff2aed5000 	/usr/lib/libate.dylib
0x00007fff2a629000 	/usr/lib/system/libcache.dylib
0x00007fff2a5e5000 	/usr/lib/system/libcommonCrypto.dylib
0x00007fff2a60f000 	/usr/lib/system/libcompiler_rt.dylib
0x00007fff2a604000 	/usr/lib/system/libcopyfile.dylib
0x00007fff201de000 	/usr/lib/system/libcorecrypto.dylib
0x00007fff202a9000 	/usr/lib/system/libdispatch.dylib
0x00007fff2045c000 	/usr/lib/system/libdyld.dylib
0x00007fff2a620000 	/usr/lib/system/libkeymgr.dylib
0x00007fff2da33000 	/usr/lib/system/liblaunch.dylib
0x00007fff2a5c3000 	/usr/lib/system/libmacho.dylib
0x00007fff29dbb000 	/usr/lib/system/libquarantine.dylib
0x00007fff2a61d000 	/usr/lib/system/libremovefile.dylib
0x00007fff24cc1000 	/usr/lib/system/libsystem_asl.dylib
0x00007fff2018e000 	/usr/lib/system/libsystem_blocks.dylib
0x00007fff2032b000 	/usr/lib/system/libsystem_c.dylib
0x00007fff2a617000 	/usr/lib/system/libsystem_collections.dylib
0x00007fff290c1000 	/usr/lib/system/libsystem_configuration.dylib
0x00007fff283ad000 	/usr/lib/system/libsystem_containermanager.dylib
0x00007fff2a366000 	/usr/lib/system/libsystem_coreservices.dylib
0x00007fff2289d000 	/usr/lib/system/libsystem_darwin.dylib
0x00007fff2a621000 	/usr/lib/system/libsystem_dnssd.dylib
0x00007fff20328000 	/usr/lib/system/libsystem_featureflags.dylib
0x00007fff204a2000 	/usr/lib/system/libsystem_info.dylib
0x00007fff2a57a000 	/usr/lib/system/libsystem_m.dylib
0x00007fff2027c000 	/usr/lib/system/libsystem_malloc.dylib
0x00007fff24c54000 	/usr/lib/system/libsystem_networkextension.dylib
0x00007fff22cbc000 	/usr/lib/system/libsystem_notify.dylib
0x00007fff2feca000 	/usr/lib/system/libsystem_product_info_filter.dylib
0x00007fff290c5000 	/usr/lib/system/libsystem_sandbox.dylib
0x00007fff2a61a000 	/usr/lib/system/libsystem_secinit.dylib
0x00007fff20420000 	/usr/lib/system/libsystem_kernel.dylib
0x00007fff20498000 	/usr/lib/system/libsystem_platform.dylib
0x00007fff20450000 	/usr/lib/system/libsystem_pthread.dylib
0x00007fff2639e000 	/usr/lib/system/libsystem_symptoms.dylib
0x00007fff201c6000 	/usr/lib/system/libsystem_trace.dylib
0x00007fff2a5f1000 	/usr/lib/system/libunwind.dylib
0x00007fff20190000 	/usr/lib/system/libxpc.dylib
0x00007fff2040a000 	/usr/lib/libc++abi.dylib
0x00007fff2a5fc000 	/usr/lib/liboah.dylib
0x00007fff2acba000 	/usr/lib/liblzma.5.dylib
0x00007fff20f91000 	/System/Library/Frameworks/SystemConfiguration.framework/Versions/A/SystemConfiguration
0x00007fff2a631000 	/usr/lib/libfakelink.dylib
0x00007fff247b5000 	/System/Library/Frameworks/CFNetwork.framework/Versions/A/CFNetwork
0x00007fff2a771000 	/usr/lib/libarchive.2.dylib
0x00007fff2100f000 	/usr/lib/libCRFSuite.dylib
0x00007fff29de2000 	/usr/lib/libbsm.0.dylib
0x00007fff2412e000 	/usr/lib/libnetwork.dylib
0x00007fff2a636000 	/usr/lib/libpcap.A.dylib
0x00007fff26397000 	/usr/lib/libdns_services.dylib
0x00007fff2acd3000 	/usr/lib/libcoretls_cfhelpers.dylib
0x00007fff2a870000 	/usr/lib/libapple_nghttp2.dylib
0x00007fff2a5c9000 	/usr/lib/system/libkxld.dylib
0x00007fff26010000 	/usr/lib/libsqlite3.dylib
0x00007fff2a349000 	/System/Library/PrivateFrameworks/AppleFSCompression.framework/Versions/A/AppleFSCompression
0x00007fff29dca000 	/usr/lib/libcoretls.dylib
0x00007fff2a8a1000 	/usr/lib/libpam.2.dylib
0x00007fff2add1000 	/usr/lib/libxar.1.dylib
0x00007fff290cc000 	/System/Library/PrivateFrameworks/AppleSystemInfo.framework/Versions/A/AppleSystemInfo
0x00007fff29a0c000 	/System/Library/PrivateFrameworks/IOMobileFramebuffer.framework/Versions/A/IOMobileFramebuffer
0x00007fff2a359000 	/usr/lib/libbz2.1.0.dylib
0x00007fff2a66e000 	/usr/lib/libiconv.2.dylib
0x00007fff2a5c2000 	/usr/lib/libcharset.1.dylib
0x00007fff27245000 	/System/Library/Frameworks/CoreServices.framework/Versions/A/Frameworks/FSEvents.framework/Versions/A/FSEvents
0x00007fff228a7000 	/System/Library/Frameworks/CoreServices.framework/Versions/A/Frameworks/CarbonCore.framework/Versions/A/CarbonCore
0x00007fff265b2000 	/System/Library/Frameworks/CoreServices.framework/Versions/A/Frameworks/Metadata.framework/Versions/A/Metadata
0x00007fff2a36b000 	/System/Library/Frameworks/CoreServices.framework/Versions/A/Frameworks/OSServices.framework/Versions/A/OSServices
0x00007fff2a7e3000 	/System/Library/Frameworks/CoreServices.framework/Versions/A/Frameworks/SearchKit.framework/Versions/A/SearchKit
0x00007fff26322000 	/System/Library/Frameworks/CoreServices.framework/Versions/A/Frameworks/AE.framework/Versions/A/AE
0x00007fff2096c000 	/System/Library/Frameworks/CoreServices.framework/Versions/A/Frameworks/LaunchServices.framework/Versions/A/LaunchServices
0x00007fff2ac6a000 	/System/Library/Frameworks/CoreServices.framework/Versions/A/Frameworks/DictionaryServices.framework/Versions/A/DictionaryServices
0x00007fff27252000 	/System/Library/Frameworks/CoreServices.framework/Versions/A/Frameworks/SharedFileList.framework/Versions/A/SharedFileList
0x00007fff29dbe000 	/usr/lib/libCheckFix.dylib
0x00007fff24cd8000 	/System/Library/PrivateFrameworks/TCC.framework/Versions/A/TCC
0x00007fff290d2000 	/System/Library/PrivateFrameworks/CoreNLP.framework/Versions/A/CoreNLP
0x00007fff26565000 	/System/Library/PrivateFrameworks/MetadataUtilities.framework/Versions/A/MetadataUtilities
0x00007fff21044000 	/usr/lib/libmecabra.dylib
0x00007fff2a0c8000 	/System/Library/Frameworks/MLCompute.framework/Versions/A/MLCompute
0x00007fff29df3000 	/usr/lib/libmecab.dylib
0x00007fff29e3d000 	/usr/lib/libgermantok.dylib
0x00007fff2a84b000 	/usr/lib/libThaiTokenizer.dylib
0x00007fff2ae0c000 	/usr/lib/libChineseTokenizer.dylib
0x00007fff2a89f000 	/System/Library/Frameworks/MetalPerformanceShaders.framework/Versions/A/MetalPerformanceShaders
0x00007fff26654000 	/System/Library/Frameworks/Accelerate.framework/Versions/A/Frameworks/vImage.framework/Versions/A/vImage
0x00007fff2ffa2000 	/System/Library/Frameworks/Accelerate.framework/Versions/A/Frameworks/vecLib.framework/Versions/A/vecLib
0x00007fff2ae17000 	/System/Library/Frameworks/Accelerate.framework/Versions/A/Frameworks/vecLib.framework/Versions/A/libvMisc.dylib
0x00007fff29827000 	/System/Library/Frameworks/Accelerate.framework/Versions/A/Frameworks/vecLib.framework/Versions/A/libvDSP.dylib
0x00007fff20c77000 	/System/Library/Frameworks/Accelerate.framework/Versions/A/Frameworks/vecLib.framework/Versions/A/libBLAS.dylib
0x00007fff2a8cc000 	/System/Library/Frameworks/Accelerate.framework/Versions/A/Frameworks/vecLib.framework/Versions/A/libLAPACK.dylib
0x00007fff29e43000 	/System/Library/Frameworks/Accelerate.framework/Versions/A/Frameworks/vecLib.framework/Versions/A/libLinearAlgebra.dylib
0x00007fff2a888000 	/System/Library/Frameworks/Accelerate.framework/Versions/A/Frameworks/vecLib.framework/Versions/A/libSparseBLAS.dylib
0x00007fff2a8c6000 	/System/Library/Frameworks/Accelerate.framework/Versions/A/Frameworks/vecLib.framework/Versions/A/libQuadrature.dylib
0x00007fff2917e000 	/System/Library/Frameworks/Accelerate.framework/Versions/A/Frameworks/vecLib.framework/Versions/A/libBNNS.dylib
0x00007fff20f22000 	/System/Library/Frameworks/Accelerate.framework/Versions/A/Frameworks/vecLib.framework/Versions/A/libSparse.dylib
0x00007fff2905a000 	/System/Library/Frameworks/MetalPerformanceShaders.framework/Versions/A/Frameworks/MPSCore.framework/Versions/A/MPSCore
0x00007fff2a2b8000 	/System/Library/Frameworks/MetalPerformanceShaders.framework/Versions/A/Frameworks/MPSImage.framework/Versions/A/MPSImage
0x00007fff29e59000 	/System/Library/Frameworks/MetalPerformanceShaders.framework/Versions/A/Frameworks/MPSNeuralNetwork.framework/Versions/A/MPSNeuralNetwork
0x00007fff2a22a000 	/System/Library/Frameworks/MetalPerformanceShaders.framework/Versions/A/Frameworks/MPSMatrix.framework/Versions/A/MPSMatrix
0x00007fff2a078000 	/System/Library/Frameworks/MetalPerformanceShaders.framework/Versions/A/Frameworks/MPSRayIntersector.framework/Versions/A/MPSRayIntersector
0x00007fff2a261000 	/System/Library/Frameworks/MetalPerformanceShaders.framework/Versions/A/Frameworks/MPSNDArray.framework/Versions/A/MPSNDArray
0x00007fff20ba2000 	/System/Library/PrivateFrameworks/MetalTools.framework/Versions/A/MetalTools
0x00007fff290ca000 	/System/Library/PrivateFrameworks/AggregateDictionary.framework/Versions/A/AggregateDictionary
0x00007fff26532000 	/System/Library/PrivateFrameworks/CoreAnalytics.framework/Versions/A/CoreAnalytics
0x00007fff2a84d000 	/System/Library/PrivateFrameworks/AppleSauce.framework/Versions/A/AppleSauce
0x00007fff283d0000 	/System/Library/PrivateFrameworks/IOAccelerator.framework/Versions/A/IOAccelerator
0x00007fff6bb29000 	/System/Library/Frameworks/OpenGL.framework/Versions/A/Libraries/libCoreFSCache.dylib
0x00007fff215dc000 	/System/Library/PrivateFrameworks/LanguageModeling.framework/Versions/A/LanguageModeling
0x00007fff299fa000 	/System/Library/PrivateFrameworks/CoreEmoji.framework/Versions/A/CoreEmoji
0x00007fff29177000 	/System/Library/PrivateFrameworks/LinguisticData.framework/Versions/A/LinguisticData
0x00007fff20ed4000 	/System/Library/PrivateFrameworks/Lexicon.framework/Versions/A/Lexicon
0x00007fff2a75f000 	/usr/lib/libcmph.dylib
0x00007fff27225000 	/System/Library/Frameworks/OpenDirectory.framework/Versions/A/Frameworks/CFOpenDirectory.framework/Versions/A/CFOpenDirectory
0x00007fff27215000 	/System/Library/Frameworks/OpenDirectory.framework/Versions/A/OpenDirectory
0x00007fff2acd5000 	/System/Library/PrivateFrameworks/APFS.framework/Versions/A/APFS
0x00007fff29d20000 	/System/Library/Frameworks/SecurityFoundation.framework/Versions/A/SecurityFoundation
0x00007fff2addf000 	/usr/lib/libutil.dylib
0x00007fff22bd2000 	/System/Library/PrivateFrameworks/CoreServicesStore.framework/Versions/A/CoreServicesStore
0x00007fff29db6000 	/System/Library/Frameworks/ServiceManagement.framework/Versions/A/ServiceManagement
0x00007fff2ade3000 	/usr/lib/libxslt.1.dylib
0x00007fff29dac000 	/System/Library/PrivateFrameworks/BackgroundTaskManagement.framework/Versions/A/BackgroundTaskManagement
0x00007fff2bd97000 	/System/Library/Frameworks/ImageIO.framework/Versions/A/Resources/libRadiance.dylib
0x00007fff2bda1000 	/System/Library/Frameworks/ImageIO.framework/Versions/A/Resources/libJPEG.dylib
0x00007fff2bcf1000 	/System/Library/Frameworks/ImageIO.framework/Versions/A/Resources/libPng.dylib
0x00007fff2bd12000 	/System/Library/Frameworks/ImageIO.framework/Versions/A/Resources/libTIFF.dylib
0x00007fff2bdf6000 	/System/Library/Frameworks/ImageIO.framework/Versions/A/Resources/libGIF.dylib
0x00007fff2ba43000 	/System/Library/Frameworks/ImageIO.framework/Versions/A/Resources/libJP2.dylib
0x00007fff2b15e000 	/usr/lib/libexpat.1.dylib
0x00007fff2b9f9000 	/System/Library/PrivateFrameworks/AppleJPEG.framework/Versions/A/AppleJPEG
0x00007fff28606000 	/System/Library/PrivateFrameworks/FontServices.framework/libFontParser.dylib
0x00007fff262d9000 	/System/Library/PrivateFrameworks/RunningBoardServices.framework/Versions/A/RunningBoardServices
0x00007fff2bb23000 	/System/Library/PrivateFrameworks/WatchdogClient.framework/Versions/A/WatchdogClient
0x00007fff216c5000 	/System/Library/Frameworks/CoreDisplay.framework/Versions/A/CoreDisplay
0x00007fff2851b000 	/System/Library/Frameworks/CoreMedia.framework/Versions/A/CoreMedia
0x00007fff273a5000 	/System/Library/Frameworks/CoreVideo.framework/Versions/A/CoreVideo
0x00007fff2bb5e000 	/System/Library/Frameworks/VideoToolbox.framework/Versions/A/VideoToolbox
0x00007fff26259000 	/System/Library/PrivateFrameworks/BaseBoard.framework/Versions/A/BaseBoard
0x00007fff2b2a3000 	/System/Library/PrivateFrameworks/PersistentConnection.framework/Versions/A/PersistentConnection
0x00007fff25ffa000 	/System/Library/PrivateFrameworks/ProtocolBuffer.framework/Versions/A/ProtocolBuffer
0x00007fff26241000 	/System/Library/PrivateFrameworks/CommonUtilities.framework/Versions/A/CommonUtilities
0x00007fff2b9bc000 	/System/Library/PrivateFrameworks/Bom.framework/Versions/A/Bom
0x00007fff2bd8f000 	/System/Library/PrivateFrameworks/GPUWrangler.framework/Versions/A/GPUWrangler
0x00007fff2bd72000 	/System/Library/PrivateFrameworks/IOPresentment.framework/Versions/A/IOPresentment
0x00007fff2bd9b000 	/System/Library/PrivateFrameworks/DSExternalDisplay.framework/Versions/A/DSExternalDisplay
0x00007fff2bdfb000 	/System/Library/PrivateFrameworks/CMCaptureCore.framework/Versions/A/CMCaptureCore
0x00007fff2b73f000 	/System/Library/PrivateFrameworks/AppServerSupport.framework/Versions/A/AppServerSupport
0x00007fff2d7d6000 	/System/Library/PrivateFrameworks/perfdata.framework/Versions/A/perfdata
0x00007fff29d0f000 	/System/Library/PrivateFrameworks/AssertionServices.framework/Versions/A/AssertionServices
0x00007fff217fc000 	/System/Library/PrivateFrameworks/AudioToolboxCore.framework/Versions/A/AudioToolboxCore
0x00007fff284fe000 	/System/Library/PrivateFrameworks/caulk.framework/Versions/A/caulk
0x00007fff3cc82000 	/System/Library/PrivateFrameworks/SystemPolicy.framework/Versions/A/SystemPolicy
0x00007fff2af6d000 	/usr/lib/libIOReport.dylib
0x00007fff2d012000 	/usr/lib/libSMC.dylib
0x00007fff2bcbd000 	/usr/lib/libAudioToolboxUtility.dylib
0x00007fff3d5df000 	/usr/lib/libmis.dylib
0x00007fff6bb85000 	/System/Library/Frameworks/OpenGL.framework/Versions/A/Libraries/libGLU.dylib
0x00007fff6bb48000 	/System/Library/Frameworks/OpenGL.framework/Versions/A/Libraries/libGFXShared.dylib
0x00007fff6bd56000 	/System/Library/Frameworks/OpenGL.framework/Versions/A/Libraries/libGL.dylib
0x00007fff6bb51000 	/System/Library/Frameworks/OpenGL.framework/Versions/A/Libraries/libGLImage.dylib
0x00007fff6bb45000 	/System/Library/Frameworks/OpenGL.framework/Versions/A/Libraries/libCVMSPluginSupport.dylib
0x00007fff6bb30000 	/System/Library/Frameworks/OpenGL.framework/Versions/A/Libraries/libCoreVMClient.dylib
0x00007fff6d1a0000 	/System/Library/Frameworks/OpenCL.framework/Versions/A/OpenCL
0x00007fff2b2cc000 	/System/Library/PrivateFrameworks/GraphVisualizer.framework/Versions/A/GraphVisualizer
0x00007fff2b2db000 	/System/Library/PrivateFrameworks/FaceCore.framework/Versions/A/FaceCore
0x00007fff2b6f7000 	/System/Library/PrivateFrameworks/OTSVG.framework/Versions/A/OTSVG
0x00007fff26f9a000 	/System/Library/Frameworks/ApplicationServices.framework/Versions/A/Frameworks/ATS.framework/Versions/A/Resources/libFontRegistry.dylib
0x00007fff2b746000 	/System/Library/PrivateFrameworks/FontServices.framework/libhvf.dylib
0x00007fff2b10a000 	/System/Library/PrivateFrameworks/AppleVA.framework/Versions/A/AppleVA
0x00007fff2ce5a000 	/System/Library/Frameworks/ApplicationServices.framework/Versions/A/Frameworks/ATS.framework/Versions/A/ATS
0x00007fff2d16d000 	/System/Library/Frameworks/ApplicationServices.framework/Versions/A/Frameworks/ColorSyncLegacy.framework/Versions/A/ColorSyncLegacy
0x00007fff257d8000 	/System/Library/Frameworks/ApplicationServices.framework/Versions/A/Frameworks/HIServices.framework/Versions/A/HIServices
0x00007fff2d152000 	/System/Library/Frameworks/ApplicationServices.framework/Versions/A/Frameworks/LangAnalysis.framework/Versions/A/LangAnalysis
0x00007fff2be05000 	/System/Library/Frameworks/ApplicationServices.framework/Versions/A/Frameworks/PrintCore.framework/Versions/A/PrintCore
0x00007fff2d175000 	/System/Library/Frameworks/ApplicationServices.framework/Versions/A/Frameworks/QD.framework/Versions/A/QD
0x00007fff2ce4a000 	/System/Library/Frameworks/ApplicationServices.framework/Versions/A/Frameworks/SpeechSynthesis.framework/Versions/A/SpeechSynthesis
0x00007fff2bdc6000 	/System/Library/Frameworks/ApplicationServices.framework/Versions/A/Frameworks/ATSUI.framework/Versions/A/ATSUI
0x00007fff2d0f2000 	/usr/lib/libcups.2.dylib
0x00007fff2d162000 	/System/Library/PrivateFrameworks/NetAuth.framework/Versions/A/NetAuth
0x00007fff2d7f1000 	/System/Library/Frameworks/Kerberos.framework/Versions/A/Kerberos
0x00007fff2d801000 	/System/Library/Frameworks/GSS.framework/Versions/A/GSS
0x00007fff2cec7000 	/usr/lib/libresolv.9.dylib
0x00007fff2b75c000 	/System/Library/PrivateFrameworks/Heimdal.framework/Versions/A/Heimdal
0x00007fff334b8000 	/System/Library/Frameworks/Kerberos.framework/Versions/A/Libraries/libHeimdalProxy.dylib
0x00007fff263a6000 	/System/Library/Frameworks/Network.framework/Versions/A/Network
0x00007fff2b178000 	/usr/lib/libheimdal-asn1.dylib
0x00007fff2d852000 	/System/Library/PrivateFrameworks/CommonAuth.framework/Versions/A/CommonAuth
0x00007fff273f3000 	/System/Library/PrivateFrameworks/login.framework/Versions/A/Frameworks/loginsupport.framework/Versions/A/loginsupport
0x00007fff2cdd1000 	/System/Library/PrivateFrameworks/AudioSession.framework/Versions/A/AudioSession
0x00007fff2ce37000 	/usr/lib/libAudioStatistics.dylib
0x00007fff2b204000 	/System/Library/PrivateFrameworks/MediaExperience.framework/Versions/A/MediaExperience
0x00007fff2cc6a000 	/System/Library/PrivateFrameworks/AudioSession.framework/libSessionUtility.dylib
0x00007fff2d7e2000 	/usr/lib/libperfcheck.dylib
0x00007fff2d181000 	/System/Library/PrivateFrameworks/AudioResourceArbitration.framework/Versions/A/AudioResourceArbitration
0x00007fff2b182000 	/System/Library/PrivateFrameworks/IconFoundation.framework/Versions/A/IconFoundation
0x00007fff2fc85000 	/System/Library/PrivateFrameworks/SpeechRecognitionCore.framework/Versions/A/SpeechRecognitionCore
0x000000010953a000 	/Library/Internet Plug-Ins/JavaAppletPlugin.plugin/Contents/Home/lib/server/libjvm.dylib
0x00007fff780ee000 	/usr/lib/libstdc++.6.dylib
0x000000010a2da000 	/Library/Internet Plug-Ins/JavaAppletPlugin.plugin/Contents/Home/lib/libverify.dylib
0x000000010a2e7000 	/Library/Internet Plug-Ins/JavaAppletPlugin.plugin/Contents/Home/lib/libjava.dylib
0x000000010a366000 	/Library/Internet Plug-Ins/JavaAppletPlugin.plugin/Contents/Home/lib/libzip.dylib
0x000000010a36e000 	/Library/Internet Plug-Ins/JavaAppletPlugin.plugin/Contents/Home/lib/libjimage.dylib
0x000000010b1ea000 	/Library/Internet Plug-Ins/JavaAppletPlugin.plugin/Contents/Home/lib/libnio.dylib
0x000000010b1fa000 	/Library/Internet Plug-Ins/JavaAppletPlugin.plugin/Contents/Home/lib/libnet.dylib
0x000000010b211000 	/Library/Internet Plug-Ins/JavaAppletPlugin.plugin/Contents/Home/lib/libawt.dylib
0x000000010b2b6000 	/Library/Internet Plug-Ins/JavaAppletPlugin.plugin/Contents/Home/lib/libmlib_image.dylib
0x00007fff6ead9000 	/System/Library/Frameworks/JavaNativeFoundation.framework/Versions/A/JavaNativeFoundation
0x00007fff6eae5000 	/System/Library/Frameworks/JavaRuntimeSupport.framework/Versions/A/JavaRuntimeSupport
0x00007fff3c9cc000 	/System/Library/Frameworks/Carbon.framework/Versions/A/Carbon
0x00007fff31af6000 	/System/Library/PrivateFrameworks/CoreSymbolication.framework/Versions/A/CoreSymbolication
0x00007fff36463000 	/System/Library/Frameworks/Carbon.framework/Versions/A/Frameworks/CommonPanels.framework/Versions/A/CommonPanels
0x00007fff32f4d000 	/System/Library/Frameworks/Carbon.framework/Versions/A/Frameworks/Help.framework/Versions/A/Help
0x00007fff36467000 	/System/Library/Frameworks/Carbon.framework/Versions/A/Frameworks/ImageCapture.framework/Versions/A/ImageCapture
0x00007fff36437000 	/System/Library/Frameworks/Carbon.framework/Versions/A/Frameworks/OpenScripting.framework/Versions/A/OpenScripting
0x00007fff3645f000 	/System/Library/Frameworks/Carbon.framework/Versions/A/Frameworks/Ink.framework/Versions/A/Ink
0x00007fff3c9c8000 	/System/Library/Frameworks/Carbon.framework/Versions/A/Frameworks/Print.framework/Versions/A/Print
0x00007fff3645b000 	/System/Library/Frameworks/Carbon.framework/Versions/A/Frameworks/SecurityHI.framework/Versions/A/SecurityHI
0x00007fff31aba000 	/System/Library/PrivateFrameworks/DebugSymbols.framework/Versions/A/DebugSymbols
0x000000010b324000 	/Library/Internet Plug-Ins/JavaAppletPlugin.plugin/Contents/Home/lib/libawt_lwawt.dylib
0x000000010b3e4000 	/Library/Internet Plug-Ins/JavaAppletPlugin.plugin/Contents/Home/lib/libosxapp.dylib
0x00007fff3bfe3000 	/System/Library/Frameworks/ExceptionHandling.framework/Versions/A/ExceptionHandling
0x000000010b400000 	/Library/Internet Plug-Ins/JavaAppletPlugin.plugin/Contents/Home/lib/libfontmanager.dylib
0x00007fff22b93000 	/System/Library/PrivateFrameworks/CoreServicesInternal.framework/Versions/A/CoreServicesInternal
0x00007fff3100c000 	/System/Library/Frameworks/FileProvider.framework/Versions/A/FileProvider
0x00007fff261c4000 	/System/Library/Frameworks/Accounts.framework/Versions/A/Accounts
0x00007fff3115c000 	/System/Library/PrivateFrameworks/GenerationalStorage.framework/Versions/A/GenerationalStorage
0x00007fff30a2c000 	/System/Library/PrivateFrameworks/SymptomDiagnosticReporter.framework/Versions/A/SymptomDiagnosticReporter
0x00007fff23cc4000 	/System/Library/PrivateFrameworks/DesktopServicesPriv.framework/Versions/A/DesktopServicesPriv
0x00007fff22cc8000 	/usr/lib/libsandbox.1.dylib
0x00007fff2741e000 	/System/Library/PrivateFrameworks/UserManagement.framework/Versions/A/UserManagement
0x00007fff29cec000 	/System/Library/PrivateFrameworks/MobileKeyBag.framework/Versions/A/MobileKeyBag
0x00007fff3453b000 	/System/Library/PrivateFrameworks/ChunkingLibrary.framework/Versions/A/ChunkingLibrary
0x00007fff2e215000 	/System/Library/PrivateFrameworks/Sharing.framework/Versions/A/Sharing
0x00007fff32aba000 	/System/Library/PrivateFrameworks/Apple80211.framework/Versions/A/Apple80211
0x00007fff2a399000 	/System/Library/PrivateFrameworks/AuthKit.framework/Versions/A/AuthKit
0x00007fff29aea000 	/System/Library/PrivateFrameworks/CoreUtils.framework/Versions/A/CoreUtils
0x00007fff29a17000 	/System/Library/Frameworks/CoreWLAN.framework/Versions/A/CoreWLAN
0x00007fff2e361000 	/System/Library/Frameworks/IOBluetooth.framework/Versions/A/IOBluetooth
0x00007fff32b1e000 	/System/Library/PrivateFrameworks/CoreWiFi.framework/Versions/A/CoreWiFi
0x00007fff2d8d8000 	/System/Library/PrivateFrameworks/CorePhoneNumbers.framework/Versions/A/CorePhoneNumbers
0x00007fff30b33000 	/System/Library/PrivateFrameworks/DiskManagement.framework/Versions/A/DiskManagement
0x00007fff30a49000 	/System/Library/PrivateFrameworks/AppleIDAuthSupport.framework/Versions/A/AppleIDAuthSupport
0x00007fff2d8b8000 	/System/Library/PrivateFrameworks/KeychainCircle.framework/Versions/A/KeychainCircle
0x00007fff30aff000 	/System/Library/PrivateFrameworks/MediaKit.framework/Versions/A/MediaKit
0x00007fff30a56000 	/System/Library/Frameworks/DiscRecording.framework/Versions/A/DiscRecording
0x00007fff2b07e000 	/usr/lib/libCoreStorage.dylib
0x00007fff32f59000 	/usr/lib/libcsfde.dylib
0x00007fff2e49c000 	/System/Library/PrivateFrameworks/ProtectedCloudStorage.framework/Versions/A/ProtectedCloudStorage
0x00007fff32f51000 	/System/Library/PrivateFrameworks/EFILogin.framework/Versions/A/EFILogin
0x00007fff3356b000 	/System/Library/Frameworks/AudioUnit.framework/Versions/A/AudioUnit
0x00007fff309c6000 	/System/Library/Frameworks/CoreBluetooth.framework/Versions/A/CoreBluetooth
0x00007fff2b076000 	/usr/lib/libMatch.1.dylib
0x00007fff43853000 	/System/Library/CoreServices/RawCamera.bundle/Contents/MacOS/RawCamera
0x00007fff2d863000 	/System/Library/PrivateFrameworks/MobileAsset.framework/Versions/A/MobileAsset
0x00007fff3358f000 	/System/Library/PrivateFrameworks/StreamingZip.framework/Versions/A/StreamingZip
0x00007fff2bffd000 	/System/Library/Frameworks/MediaToolbox.framework/Versions/A/MediaToolbox
0x00007fff30fde000 	/System/Library/PrivateFrameworks/CoreAVCHD.framework/Versions/A/CoreAVCHD
0x00007fff301c5000 	/System/Library/Frameworks/MediaAccessibility.framework/Versions/A/MediaAccessibility
0x00007fff30fda000 	/System/Library/PrivateFrameworks/Mangrove.framework/Versions/A/Mangrove
0x00007fff301d1000 	/System/Library/PrivateFrameworks/AlgosScoreFramework.framework/Versions/A/AlgosScoreFramework
0x00007fff319c8000 	/System/Library/PrivateFrameworks/AppleVPA.framework/Versions/A/AppleVPA
0x00007fff30c1f000 	/System/Library/PrivateFrameworks/CoreAUC.framework/Versions/A/CoreAUC
0x00007fff412a6000 	/System/Library/Frameworks/Accelerate.framework/Versions/A/Frameworks/vImage.framework/Versions/A/Libraries/libCGInterfaces.dylib
0x000000010b7e4000 	/usr/lib/libobjc-trampolines.dylib
0x00007fff2711d000 	/System/Library/PrivateFrameworks/ViewBridge.framework/Versions/A/ViewBridge
0x00007fff2b81d000 	/System/Library/PrivateFrameworks/login.framework/Versions/A/login
0x000000012ef81000 	/Library/Internet Plug-Ins/JavaAppletPlugin.plugin/Contents/Home/lib/libosxui.dylib
0x00007fff6bd61000 	/System/Library/Frameworks/OpenGL.framework/Versions/A/Resources/GLEngine.bundle/GLEngine
0x00007fff6bbc2000 	/System/Library/Frameworks/OpenGL.framework/Versions/A/Libraries/libGLProgrammability.dylib
0x00007fff62294000 	/System/Library/Extensions/AppleIntelSKLGraphicsGLDriver.bundle/Contents/MacOS/AppleIntelSKLGraphicsGLDriver
0x00007fff46399000 	/System/Library/PrivateFrameworks/GPUSupport.framework/Versions/A/Libraries/libGPUSupportMercury.dylib
0x00007fff6bedf000 	/System/Library/Frameworks/OpenGL.framework/Versions/A/Resources/GLRendererFloat.bundle/GLRendererFloat
0x00007fff61e08000 	/System/Library/Extensions/AppleIntelSKLGraphicsMTLDriver.bundle/Contents/MacOS/AppleIntelSKLGraphicsMTLDriver
0x00007fff3d5f2000 	/System/Library/PrivateFrameworks/GPURawCounter.framework/Versions/A/GPURawCounter
0x00007fff696de000 	/System/Library/PrivateFrameworks/GPUCompiler.framework/Versions/31001/Libraries/libmetal_timestamp.dylib
0x00007fff779d4000 	/usr/lib/libRosetta.dylib
0x00007fff30202000 	/System/Library/PrivateFrameworks/SystemAdministration.framework/Versions/A/SystemAdministration
0x00007fff2fc51000 	/System/Library/Frameworks/DirectoryService.framework/Versions/A/DirectoryService
0x00007fff32df9000 	/System/Library/PrivateFrameworks/DiskImages.framework/Versions/A/DiskImages
0x00007fff32fcc000 	/System/Library/PrivateFrameworks/LoginUIKit.framework/Versions/A/Frameworks/LoginUICore.framework/Versions/A/LoginUICore
0x00007fff2b9b8000 	/usr/lib/libodfde.dylib
0x00007fff32f65000 	/usr/lib/libcurl.4.dylib
0x00007fff32cc5000 	/usr/lib/libcrypto.44.dylib
0x00007fff32dcb000 	/usr/lib/libssl.46.dylib
0x00007fff32c8b000 	/System/Library/Frameworks/LDAP.framework/Versions/A/LDAP
0x00007fff32cc3000 	/System/Library/PrivateFrameworks/TrustEvaluationAgent.framework/Versions/A/TrustEvaluationAgent
0x00007fff2cee0000 	/usr/lib/libsasl2.2.dylib
0x00007fff301f6000 	/System/Library/PrivateFrameworks/CoreDaemon.framework/Versions/B/CoreDaemon
0x00007fff301f1000 	/System/Library/PrivateFrameworks/AppleSRP.framework/Versions/A/AppleSRP


VM Arguments:
java_command: HardwareSimulatorMain
java_class_path (initial): :bin/classes:BuiltIn:bin/lib/Hack.jar:bin/lib/HackGUI.jar:bin/lib/Simulators.jar:bin/lib/SimulatorsGUI.jar:bin/lib/Compilers.jar
Launcher Type: SUN_STANDARD

Logging:
Log output configuration:
#0: stdout all=warning uptime,level,tags
#1: stderr all=off uptime,level,tags

Environment Variables:
PATH=/Applications/Postgres.app/Contents/Versions/latest/bin:/usr/local/smlnj/bin:/Users/DanielMota_1/.cask/bin:/Library/Frameworks/Python.framework/Versions/3.8/bin:/usr/local/bin:/usr/bin:/bin:/usr/sbin:/sbin:/Applications/Postgres.app/Contents/Versions/latest/bin:/usr/local/smlnj/bin:/Users/DanielMota_1/.cask/bin:/Library/Frameworks/Python.framework/Versions/3.8/bin
SHELL=/bin/bash

Signal Handlers:
SIGSEGV: [libjvm.dylib+0x79ac14], sa_mask[0]=11111111011111110111111111111111, sa_flags=SA_ONSTACK|SA_RESTART|SA_SIGINFO
SIGBUS: [libjvm.dylib+0x79ac14], sa_mask[0]=11111111011111110111111111111111, sa_flags=SA_RESTART|SA_SIGINFO
SIGFPE: [libjvm.dylib+0x79ac14], sa_mask[0]=11111111011111110111111111111111, sa_flags=SA_RESTART|SA_SIGINFO
SIGPIPE: [libjvm.dylib+0x635960], sa_mask[0]=11111111011111110111111111111111, sa_flags=SA_RESTART|SA_SIGINFO
SIGXFSZ: [libjvm.dylib+0x635960], sa_mask[0]=11111111011111110111111111111111, sa_flags=SA_RESTART|SA_SIGINFO
SIGILL: [libjvm.dylib+0x79ac14], sa_mask[0]=11111111011111110111111111111111, sa_flags=SA_RESTART|SA_SIGINFO
SIGUSR2: [libjvm.dylib+0x6361f0], sa_mask[0]=00000000000000000000000000000000, sa_flags=SA_RESTART|SA_SIGINFO
SIGHUP: [libjvm.dylib+0x6349db], sa_mask[0]=11111111011111110111111111111111, sa_flags=SA_RESTART|SA_SIGINFO
SIGINT: SIG_IGN, sa_mask[0]=00000000000000000000000000000000, sa_flags=none
SIGTERM: [libjvm.dylib+0x6349db], sa_mask[0]=11111111011111110111111111111111, sa_flags=SA_RESTART|SA_SIGINFO
SIGQUIT: [libjvm.dylib+0x6349db], sa_mask[0]=11111111011111110111111111111111, sa_flags=SA_RESTART|SA_SIGINFO


---------------  S Y S T E M  ---------------

OS:uname:Darwin 20.6.0 Darwin Kernel Version 20.6.0: Mon Aug 30 06:12:21 PDT 2021; root:xnu-7195.141.6~3/RELEASE_X86_64 x86_64
rlimit: STACK 8192k, CORE 0k, NPROC 1392, NOFILE 10240, AS infinity, DATA infinity, FSIZE infinity
load average:2.18 2.52 3.92

CPU:total 4 (initial active 4) (2 cores per cpu, 2 threads per core) family 6 model 78 stepping 3, cmov, cx8, fxsr, mmx, sse, sse2, sse3, ssse3, sse4.1, sse4.2, popcnt, avx, avx2, aes, clmul, erms, 3dnowpref, lzcnt, ht, tsc, tscinvbit, bmi1, bmi2, adx, fma

Memory: 4k page, physical 8388608k(65880k free)

vm_info: Java HotSpot(TM) 64-Bit Server VM (10.0.2+13) for bsd-amd64 JRE (10.0.2+13), built on Jun 28 2018 00:49:51 by "mach5one" with gcc 4.2.1 Compatible Apple LLVM 6.1.0 (clang-602.0.49)

END.
